<?xml version="1.0" encoding="UTF-8"?>
<!-- Generated by org.testng.reporters.JUnitReportReporter -->
<testsuite hostname="Uncodemy" failures="0" tests="1" name="navigation.NG" time="0.009" errors="0" timestamp="2023-09-27T17:11:41 IST" skipped="0">
  <testcase classname="navigation.NG" name="test1" time="0.009"/>
  <system-out/>
</testsuite> <!-- navigation.NG -->
